# JRE version: OpenJDK Runtime Environment (8.0_202-b03) (build 1.8.0_202-release-1483-b03)
# Java VM: OpenJDK 64-Bit Server VM (25.202-b03 mixed mode windows-amd64 compressed oops)
Heap:
 PSYoungGen      total 455168K, used 54676K [0x00000000e0000000, 0x00000000ffe80000, 0x0000000100000000)
  eden space 391680K, 12% used [0x00000000e0000000,0x00000000e2ef0230,0x00000000f7e80000)
  from space 63488K, 10% used [0x00000000f7e80000,0x00000000f84f5108,0x00000000fbc80000)
  to   space 61952K, 0% used [0x00000000fc200000,0x00000000fc200000,0x00000000ffe80000)
 ParOldGen       total 251904K, used 151146K [0x00000000a0000000, 0x00000000af600000, 0x00000000e0000000)
  object space 251904K, 60% used [0x00000000a0000000,0x00000000a939a898,0x00000000af600000)
 Metaspace       used 130300K, capacity 137244K, committed 137688K, reserved 1169408K
  class space    used 16087K, capacity 17353K, committed 17664K, reserved 1048576K
GC Heap History (10 events):
Event: 1612.182 GC heap before
{Heap before GC invocations=88 (full 11):
 PSYoungGen      total 449024K, used 387704K [0x00000000e0000000, 0x00000000ffe00000, 0x0000000100000000)
  eden space 377856K, 100% used [0x00000000e0000000,0x00000000f7100000,0x00000000f7100000)
  from space 71168K, 13% used [0x00000000fb880000,0x00000000fc21e1a0,0x00000000ffe00000)
  to   space 72192K, 0% used [0x00000000f7100000,0x00000000f7100000,0x00000000fb780000)
 ParOldGen       total 251904K, used 150002K [0x00000000a0000000, 0x00000000af600000, 0x00000000e0000000)
  object space 251904K, 59% used [0x00000000a0000000,0x00000000a927c878,0x00000000af600000)
 Metaspace       used 130270K, capacity 137170K, committed 137688K, reserved 1169408K
  class space    used 16085K, capacity 17352K, committed 17664K, reserved 1048576K
Event: 1612.216 GC heap after
Heap after GC invocations=88 (full 11):
 PSYoungGen      total 450048K, used 13468K [0x00000000e0000000, 0x00000000ffc00000, 0x0000000100000000)
  eden space 377856K, 0% used [0x00000000e0000000,0x00000000e0000000,0x00000000f7100000)
  from space 72192K, 18% used [0x00000000f7100000,0x00000000f7e27038,0x00000000fb780000)
  to   space 69632K, 0% used [0x00000000fb800000,0x00000000fb800000,0x00000000ffc00000)
 ParOldGen       total 251904K, used 150426K [0x00000000a0000000, 0x00000000af600000, 0x00000000e0000000)
  object space 251904K, 59% used [0x00000000a0000000,0x00000000a92e6888,0x00000000af600000)
 Metaspace       used 130270K, capacity 137170K, committed 137688K, reserved 1169408K
  class space    used 16085K, capacity 17352K, committed 17664K, reserved 1048576K
}
Event: 1613.704 GC heap before
{Heap before GC invocations=89 (full 11):
 PSYoungGen      total 450048K, used 391324K [0x00000000e0000000, 0x00000000ffc00000, 0x0000000100000000)
  eden space 377856K, 100% used [0x00000000e0000000,0x00000000f7100000,0x00000000f7100000)
  from space 72192K, 18% used [0x00000000f7100000,0x00000000f7e27038,0x00000000fb780000)
  to   space 69632K, 0% used [0x00000000fb800000,0x00000000fb800000,0x00000000ffc00000)
 ParOldGen       total 251904K, used 150426K [0x00000000a0000000, 0x00000000af600000, 0x00000000e0000000)
  object space 251904K, 59% used [0x00000000a0000000,0x00000000a92e6888,0x00000000af600000)
 Metaspace       used 130273K, capacity 137170K, committed 137688K, reserved 1169408K
  class space    used 16085K, capacity 17352K, committed 17664K, reserved 1048576K
Event: 1613.732 GC heap after
Heap after GC invocations=89 (full 11):
 PSYoungGen      total 448512K, used 15888K [0x00000000e0000000, 0x00000000ff880000, 0x0000000100000000)
  eden space 382464K, 0% used [0x00000000e0000000,0x00000000e0000000,0x00000000f7580000)
  from space 66048K, 24% used [0x00000000fb800000,0x00000000fc784260,0x00000000ff880000)
  to   space 67072K, 0% used [0x00000000f7580000,0x00000000f7580000,0x00000000fb700000)
 ParOldGen       total 251904K, used 150810K [0x00000000a0000000, 0x00000000af600000, 0x00000000e0000000)
  object space 251904K, 59% used [0x00000000a0000000,0x00000000a9346898,0x00000000af600000)
 Metaspace       used 130273K, capacity 137170K, committed 137688K, reserved 1169408K
  class space    used 16085K, capacity 17352K, committed 17664K, reserved 1048576K
}
Event: 1615.338 GC heap before
{Heap before GC invocations=90 (full 11):
 PSYoungGen      total 448512K, used 398352K [0x00000000e0000000, 0x00000000ff880000, 0x0000000100000000)
  eden space 382464K, 100% used [0x00000000e0000000,0x00000000f7580000,0x00000000f7580000)
  from space 66048K, 24% used [0x00000000fb800000,0x00000000fc784260,0x00000000ff880000)
  to   space 67072K, 0% used [0x00000000f7580000,0x00000000f7580000,0x00000000fb700000)
 ParOldGen       total 251904K, used 150810K [0x00000000a0000000, 0x00000000af600000, 0x00000000e0000000)
  object space 251904K, 59% used [0x00000000a0000000,0x00000000a9346898,0x00000000af600000)
 Metaspace       used 130278K, capacity 137178K, committed 137688K, reserved 1169408K
  class space    used 16086K, capacity 17352K, committed 17664K, reserved 1048576K
Event: 1615.360 GC heap after
Heap after GC invocations=90 (full 11):
 PSYoungGen      total 449536K, used 10507K [0x00000000e0000000, 0x00000000ffe00000, 0x0000000100000000)
  eden space 382464K, 0% used [0x00000000e0000000,0x00000000e0000000,0x00000000f7580000)
  from space 67072K, 15% used [0x00000000f7580000,0x00000000f7fc2f00,0x00000000fb700000)
  to   space 65536K, 0% used [0x00000000fbe00000,0x00000000fbe00000,0x00000000ffe00000)
 ParOldGen       total 251904K, used 150930K [0x00000000a0000000, 0x00000000af600000, 0x00000000e0000000)
  object space 251904K, 59% used [0x00000000a0000000,0x00000000a9364898,0x00000000af600000)
 Metaspace       used 130278K, capacity 137178K, committed 137688K, reserved 1169408K
  class space    used 16086K, capacity 17352K, committed 17664K, reserved 1048576K
}
Event: 1616.614 GC heap before
{Heap before GC invocations=91 (full 11):
 PSYoungGen      total 449536K, used 392971K [0x00000000e0000000, 0x00000000ffe00000, 0x0000000100000000)
  eden space 382464K, 100% used [0x00000000e0000000,0x00000000f7580000,0x00000000f7580000)
  from space 67072K, 15% used [0x00000000f7580000,0x00000000f7fc2f00,0x00000000fb700000)
  to   space 65536K, 0% used [0x00000000fbe00000,0x00000000fbe00000,0x00000000ffe00000)
 ParOldGen       total 251904K, used 150930K [0x00000000a0000000, 0x00000000af600000, 0x00000000e0000000)
  object space 251904K, 59% used [0x00000000a0000000,0x00000000a9364898,0x00000000af600000)
 Metaspace       used 130286K, capacity 137180K, committed 137688K, reserved 1169408K
  class space    used 16087K, capacity 17353K, committed 17664K, reserved 1048576K
Event: 1616.632 GC heap after
Heap after GC invocations=91 (full 11):
 PSYoungGen      total 453632K, used 10662K [0x00000000e0000000, 0x00000000ffa80000, 0x0000000100000000)
  eden space 391680K, 0% used [0x00000000e0000000,0x00000000e0000000,0x00000000f7e80000)
  from space 61952K, 17% used [0x00000000fbe00000,0x00000000fc869ae8,0x00000000ffa80000)
  to   space 63488K, 0% used [0x00000000f7e80000,0x00000000f7e80000,0x00000000fbc80000)
 ParOldGen       total 251904K, used 150954K [0x00000000a0000000, 0x00000000af600000, 0x00000000e0000000)
  object space 251904K, 59% used [0x00000000a0000000,0x00000000a936a898,0x00000000af600000)
 Metaspace       used 130286K, capacity 137180K, committed 137688K, reserved 1169408K
  class space    used 16087K, capacity 17353K, committed 17664K, reserved 1048576K
}
Event: 1623.698 GC heap before
{Heap before GC invocations=92 (full 11):
 PSYoungGen      total 453632K, used 402342K [0x00000000e0000000, 0x00000000ffa80000, 0x0000000100000000)
  eden space 391680K, 100% used [0x00000000e0000000,0x00000000f7e80000,0x00000000f7e80000)
  from space 61952K, 17% used [0x00000000fbe00000,0x00000000fc869ae8,0x00000000ffa80000)
  to   space 63488K, 0% used [0x00000000f7e80000,0x00000000f7e80000,0x00000000fbc80000)
 ParOldGen       total 251904K, used 150954K [0x00000000a0000000, 0x00000000af600000, 0x00000000e0000000)
  object space 251904K, 59% used [0x00000000a0000000,0x00000000a936a898,0x00000000af600000)
 Metaspace       used 130298K, capacity 137244K, committed 137688K, reserved 1169408K
  class space    used 16087K, capacity 17353K, committed 17664K, reserved 1048576K
Event: 1623.754 GC heap after
Heap after GC invocations=92 (full 11):
 PSYoungGen      total 455168K, used 6612K [0x00000000e0000000, 0x00000000ffe80000, 0x0000000100000000)
  eden space 391680K, 0% used [0x00000000e0000000,0x00000000e0000000,0x00000000f7e80000)
  from space 63488K, 10% used [0x00000000f7e80000,0x00000000f84f5108,0x00000000fbc80000)
  to   space 61952K, 0% used [0x00000000fc200000,0x00000000fc200000,0x00000000ffe80000)
 ParOldGen       total 251904K, used 151146K [0x00000000a0000000, 0x00000000af600000, 0x00000000e0000000)
  object space 251904K, 60% used [0x00000000a0000000,0x00000000a939a898,0x00000000af600000)
 Metaspace       used 130298K, capacity 137244K, committed 137688K, reserved 1169408K
  class space    used 16087K, capacity 17353K, committed 17664K, reserved 1048576K
}

