# JRE version: OpenJDK Runtime Environment (8.0_202-b03) (build 1.8.0_202-release-1483-b03)
# Java VM: OpenJDK 64-Bit Server VM (25.202-b03 mixed mode windows-amd64 compressed oops)
Heap:
 PSYoungGen      total 374272K, used 40975K [0x00000000e0000000, 0x00000000ff480000, 0x0000000100000000)
  eden space 253440K, 14% used [0x00000000e0000000,0x00000000e22e1118,0x00000000ef780000)
  from space 120832K, 4% used [0x00000000f7e80000,0x00000000f83a2e88,0x00000000ff480000)
  to   space 129536K, 0% used [0x00000000ef780000,0x00000000ef780000,0x00000000f7600000)
 ParOldGen       total 286208K, used 91988K [0x00000000a0000000, 0x00000000b1780000, 0x00000000e0000000)
  object space 286208K, 32% used [0x00000000a0000000,0x00000000a59d5158,0x00000000b1780000)
 Metaspace       used 130628K, capacity 136298K, committed 136536K, reserved 1169408K
  class space    used 15715K, capacity 16699K, committed 16768K, reserved 1048576K
GC Heap History (10 events):
Event: 3789.080 GC heap before
{Heap before GC invocations=82 (full 15):
 PSYoungGen      total 386048K, used 266832K [0x00000000e0000000, 0x0000000100000000, 0x0000000100000000)
  eden space 258560K, 100% used [0x00000000e0000000,0x00000000efc80000,0x00000000efc80000)
  from space 127488K, 6% used [0x00000000f7500000,0x00000000f7d14380,0x00000000ff180000)
  to   space 123392K, 0% used [0x00000000efc80000,0x00000000efc80000,0x00000000f7500000)
 ParOldGen       total 279040K, used 101201K [0x00000000a0000000, 0x00000000b1080000, 0x00000000e0000000)
  object space 279040K, 36% used [0x00000000a0000000,0x00000000a62d4428,0x00000000b1080000)
 Metaspace       used 129263K, capacity 134872K, committed 135128K, reserved 1167360K
  class space    used 15608K, capacity 16594K, committed 16640K, reserved 1048576K
Event: 3789.144 GC heap after
Heap after GC invocations=82 (full 15):
 PSYoungGen      total 381952K, used 60096K [0x00000000e0000000, 0x00000000ffd00000, 0x0000000100000000)
  eden space 258560K, 0% used [0x00000000e0000000,0x00000000e0000000,0x00000000efc80000)
  from space 123392K, 48% used [0x00000000efc80000,0x00000000f3730308,0x00000000f7500000)
  to   space 123904K, 0% used [0x00000000f8400000,0x00000000f8400000,0x00000000ffd00000)
 ParOldGen       total 279040K, used 104455K [0x00000000a0000000, 0x00000000b1080000, 0x00000000e0000000)
  object space 279040K, 37% used [0x00000000a0000000,0x00000000a6601e28,0x00000000b1080000)
 Metaspace       used 129263K, capacity 134872K, committed 135128K, reserved 1167360K
  class space    used 15608K, capacity 16594K, committed 16640K, reserved 1048576K
}
Event: 3790.265 GC heap before
{Heap before GC invocations=83 (full 15):
 PSYoungGen      total 381952K, used 318656K [0x00000000e0000000, 0x00000000ffd00000, 0x0000000100000000)
  eden space 258560K, 100% used [0x00000000e0000000,0x00000000efc80000,0x00000000efc80000)
  from space 123392K, 48% used [0x00000000efc80000,0x00000000f3730308,0x00000000f7500000)
  to   space 123904K, 0% used [0x00000000f8400000,0x00000000f8400000,0x00000000ffd00000)
 ParOldGen       total 279040K, used 104455K [0x00000000a0000000, 0x00000000b1080000, 0x00000000e0000000)
  object space 279040K, 37% used [0x00000000a0000000,0x00000000a6601e28,0x00000000b1080000)
 Metaspace       used 130544K, capacity 136218K, committed 136536K, reserved 1169408K
  class space    used 15713K, capacity 16697K, committed 16768K, reserved 1048576K
Event: 3790.460 GC heap after
Heap after GC invocations=83 (full 15):
 PSYoungGen      total 371712K, used 98666K [0x00000000e0000000, 0x0000000100000000, 0x0000000100000000)
  eden space 247808K, 0% used [0x00000000e0000000,0x00000000e0000000,0x00000000ef200000)
  from space 123904K, 79% used [0x00000000f8400000,0x00000000fe45a9e0,0x00000000ffd00000)
  to   space 138240K, 0% used [0x00000000ef200000,0x00000000ef200000,0x00000000f7900000)
 ParOldGen       total 279040K, used 154833K [0x00000000a0000000, 0x00000000b1080000, 0x00000000e0000000)
  object space 279040K, 55% used [0x00000000a0000000,0x00000000a97345a0,0x00000000b1080000)
 Metaspace       used 130544K, capacity 136218K, committed 136536K, reserved 1169408K
  class space    used 15713K, capacity 16697K, committed 16768K, reserved 1048576K
}
Event: 3792.750 GC heap before
{Heap before GC invocations=84 (full 15):
 PSYoungGen      total 371712K, used 346474K [0x00000000e0000000, 0x0000000100000000, 0x0000000100000000)
  eden space 247808K, 100% used [0x00000000e0000000,0x00000000ef200000,0x00000000ef200000)
  from space 123904K, 79% used [0x00000000f8400000,0x00000000fe45a9e0,0x00000000ffd00000)
  to   space 138240K, 0% used [0x00000000ef200000,0x00000000ef200000,0x00000000f7900000)
 ParOldGen       total 279040K, used 154833K [0x00000000a0000000, 0x00000000b1080000, 0x00000000e0000000)
  object space 279040K, 55% used [0x00000000a0000000,0x00000000a97345a0,0x00000000b1080000)
 Metaspace       used 130597K, capacity 136218K, committed 136536K, reserved 1169408K
  class space    used 15714K, capacity 16697K, committed 16768K, reserved 1048576K
Event: 3792.835 GC heap after
Heap after GC invocations=84 (full 15):
 PSYoungGen      total 386048K, used 20811K [0x00000000e0000000, 0x0000000100000000, 0x0000000100000000)
  eden space 247808K, 0% used [0x00000000e0000000,0x00000000e0000000,0x00000000ef200000)
  from space 138240K, 15% used [0x00000000ef200000,0x00000000f0652d70,0x00000000f7900000)
  to   space 132608K, 0% used [0x00000000f7e80000,0x00000000f7e80000,0x0000000100000000)
 ParOldGen       total 279040K, used 205873K [0x00000000a0000000, 0x00000000b1080000, 0x00000000e0000000)
  object space 279040K, 73% used [0x00000000a0000000,0x00000000ac90c5d8,0x00000000b1080000)
 Metaspace       used 130597K, capacity 136218K, committed 136536K, reserved 1169408K
  class space    used 15714K, capacity 16697K, committed 16768K, reserved 1048576K
}
Event: 3792.835 GC heap before
{Heap before GC invocations=85 (full 16):
 PSYoungGen      total 386048K, used 20811K [0x00000000e0000000, 0x0000000100000000, 0x0000000100000000)
  eden space 247808K, 0% used [0x00000000e0000000,0x00000000e0000000,0x00000000ef200000)
  from space 138240K, 15% used [0x00000000ef200000,0x00000000f0652d70,0x00000000f7900000)
  to   space 132608K, 0% used [0x00000000f7e80000,0x00000000f7e80000,0x0000000100000000)
 ParOldGen       total 279040K, used 205873K [0x00000000a0000000, 0x00000000b1080000, 0x00000000e0000000)
  object space 279040K, 73% used [0x00000000a0000000,0x00000000ac90c5d8,0x00000000b1080000)
 Metaspace       used 130597K, capacity 136218K, committed 136536K, reserved 1169408K
  class space    used 15714K, capacity 16697K, committed 16768K, reserved 1048576K
Event: 3793.126 GC heap after
Heap after GC invocations=85 (full 16):
 PSYoungGen      total 386048K, used 0K [0x00000000e0000000, 0x0000000100000000, 0x0000000100000000)
  eden space 247808K, 0% used [0x00000000e0000000,0x00000000e0000000,0x00000000ef200000)
  from space 138240K, 0% used [0x00000000ef200000,0x00000000ef200000,0x00000000f7900000)
  to   space 132608K, 0% used [0x00000000f7e80000,0x00000000f7e80000,0x0000000100000000)
 ParOldGen       total 286208K, used 91988K [0x00000000a0000000, 0x00000000b1780000, 0x00000000e0000000)
  object space 286208K, 32% used [0x00000000a0000000,0x00000000a59d5158,0x00000000b1780000)
 Metaspace       used 130597K, capacity 136218K, committed 136536K, reserved 1169408K
  class space    used 15714K, capacity 16697K, committed 16768K, reserved 1048576K
}
Event: 3794.980 GC heap before
{Heap before GC invocations=86 (full 16):
 PSYoungGen      total 386048K, used 247808K [0x00000000e0000000, 0x0000000100000000, 0x0000000100000000)
  eden space 247808K, 100% used [0x00000000e0000000,0x00000000ef200000,0x00000000ef200000)
  from space 138240K, 0% used [0x00000000ef200000,0x00000000ef200000,0x00000000f7900000)
  to   space 132608K, 0% used [0x00000000f7e80000,0x00000000f7e80000,0x0000000100000000)
 ParOldGen       total 286208K, used 91988K [0x00000000a0000000, 0x00000000b1780000, 0x00000000e0000000)
  object space 286208K, 32% used [0x00000000a0000000,0x00000000a59d5158,0x00000000b1780000)
 Metaspace       used 130611K, capacity 136282K, committed 136536K, reserved 1169408K
  class space    used 15714K, capacity 16697K, committed 16768K, reserved 1048576K
Event: 3795.004 GC heap after
Heap after GC invocations=86 (full 16):
 PSYoungGen      total 374272K, used 5259K [0x00000000e0000000, 0x00000000ff480000, 0x0000000100000000)
  eden space 253440K, 0% used [0x00000000e0000000,0x00000000e0000000,0x00000000ef780000)
  from space 120832K, 4% used [0x00000000f7e80000,0x00000000f83a2e88,0x00000000ff480000)
  to   space 129536K, 0% used [0x00000000ef780000,0x00000000ef780000,0x00000000f7600000)
 ParOldGen       total 286208K, used 91988K [0x00000000a0000000, 0x00000000b1780000, 0x00000000e0000000)
  object space 286208K, 32% used [0x00000000a0000000,0x00000000a59d5158,0x00000000b1780000)
 Metaspace       used 130611K, capacity 136282K, committed 136536K, reserved 1169408K
  class space    used 15714K, capacity 16697K, committed 16768K, reserved 1048576K
}

